<?xml version="1.0" encoding="UTF-8"?>
<!-- Generated by org.testng.reporters.JUnitReportReporter -->
<testsuite hostname="DESKTOP-BHG4EGV" failures="0" tests="1" name="com.nayaami.test_cases.TC_LoginTest_001" time="24.558" errors="0" timestamp="22 Aug 2022 12:03:05 GMT" skipped="0">
  <testcase classname="com.nayaami.test_cases.TC_LoginTest_001" name="loginTest" time="24.558"/>
</testsuite> <!-- com.nayaami.test_cases.TC_LoginTest_001 -->
